app/build/intermediates/manifest_merge_blame_file/release/processReleaseMainManifest/manifest-merger-blame-release-report.txt
1<?xml version="1.0" encoding="utf-8"?>
2<manifest xmlns:android="http://schemas.android.com/apk/res/android"
3    package="com.example.ideapp"
4    android:versionCode="1"
5    android:versionName="1.0" >
6
7    <uses-sdk
8        android:minSdkVersion="24"
9        android:targetSdkVersion="34" />
10
11    <uses-permission android:name="android.permission.INTERNET" />
11-->[com.google.firebase:firebase-auth:22.3.0] AndroidManifest.xml:25:5-67
11-->[com.google.firebase:firebase-auth:22.3.0] AndroidManifest.xml:25:22-64
12    <uses-permission android:name="android.permission.ACCESS_NETWORK_STATE" />
12-->[com.google.firebase:firebase-auth:22.3.0] AndroidManifest.xml:26:5-79
12-->[com.google.firebase:firebase-auth:22.3.0] AndroidManifest.xml:26:22-76
13    <uses-permission android:name="android.permission.WAKE_LOCK" />
13-->[com.google.android.gms:play-services-measurement-api:21.5.0] AndroidManifest.xml:24:5-68
13-->[com.google.android.gms:play-services-measurement-api:21.5.0] AndroidManifest.xml:24:22-65
14    <uses-permission android:name="com.google.android.gms.permission.AD_ID" />
14-->[com.google.android.gms:play-services-measurement-api:21.5.0] AndroidManifest.xml:25:5-79
14-->[com.google.android.gms:play-services-measurement-api:21.5.0] AndroidManifest.xml:25:22-76
15    <uses-permission android:name="android.permission.ACCESS_ADSERVICES_ATTRIBUTION" />
15-->[com.google.android.gms:play-services-measurement-api:21.5.0] AndroidManifest.xml:26:5-88
15-->[com.google.android.gms:play-services-measurement-api:21.5.0] AndroidManifest.xml:26:22-85
16    <uses-permission android:name="android.permission.ACCESS_ADSERVICES_AD_ID" />
16-->[com.google.android.gms:play-services-measurement-api:21.5.0] AndroidManifest.xml:27:5-82
16-->[com.google.android.gms:play-services-measurement-api:21.5.0] AndroidManifest.xml:27:22-79
17    <uses-permission android:name="android.permission.RECEIVE_BOOT_COMPLETED" />
17-->[androidx.work:work-runtime:2.9.0] AndroidManifest.xml:25:5-81
17-->[androidx.work:work-runtime:2.9.0] AndroidManifest.xml:25:22-78
18    <uses-permission android:name="android.permission.FOREGROUND_SERVICE" />
18-->[androidx.work:work-runtime:2.9.0] AndroidManifest.xml:26:5-77
18-->[androidx.work:work-runtime:2.9.0] AndroidManifest.xml:26:22-74
19    <uses-permission android:name="com.google.android.finsky.permission.BIND_GET_INSTALL_REFERRER_SERVICE" />
19-->[com.google.android.gms:play-services-measurement:21.5.0] AndroidManifest.xml:26:5-110
19-->[com.google.android.gms:play-services-measurement:21.5.0] AndroidManifest.xml:26:22-107
20
21    <permission
21-->[androidx.core:core:1.12.0] AndroidManifest.xml:22:5-24:47
22        android:name="com.example.ideapp.DYNAMIC_RECEIVER_NOT_EXPORTED_PERMISSION"
22-->[androidx.core:core:1.12.0] AndroidManifest.xml:23:9-81
23        android:protectionLevel="signature" />
23-->[androidx.core:core:1.12.0] AndroidManifest.xml:24:9-44
24
25    <uses-permission android:name="com.example.ideapp.DYNAMIC_RECEIVER_NOT_EXPORTED_PERMISSION" />
25-->[androidx.core:core:1.12.0] AndroidManifest.xml:26:5-97
25-->[androidx.core:core:1.12.0] AndroidManifest.xml:26:22-94
26
27    <application
27-->src\main\AndroidManifest.xml:5:5-35:19
28        android:allowBackup="true"
28-->src\main\AndroidManifest.xml:6:9-35
29        android:appComponentFactory="androidx.core.app.CoreComponentFactory"
29-->[androidx.core:core:1.12.0] AndroidManifest.xml:28:18-86
30        android:dataExtractionRules="@xml/data_extraction_rules"
30-->src\main\AndroidManifest.xml:7:9-65
31        android:extractNativeLibs="false"
32        android:fullBackupContent="@xml/backup_rules"
32-->src\main\AndroidManifest.xml:8:9-54
33        android:icon="@mipmap/ic_launcher"
33-->src\main\AndroidManifest.xml:9:9-43
34        android:label="@string/app_name"
34-->src\main\AndroidManifest.xml:10:9-41
35        android:roundIcon="@mipmap/ic_launcher_round"
35-->src\main\AndroidManifest.xml:11:9-54
36        android:supportsRtl="true"
36-->src\main\AndroidManifest.xml:12:9-35
37        android:theme="@style/Theme.LetsMakeAnApp" >
37-->src\main\AndroidManifest.xml:13:9-51
38        <activity
38-->src\main\AndroidManifest.xml:15:9-96
39            android:name="com.example.ideapp.FinanceActivity"
39-->src\main\AndroidManifest.xml:15:19-68
40            android:exported="false" />
40-->src\main\AndroidManifest.xml:15:69-93
41        <activity
41-->src\main\AndroidManifest.xml:16:9-95
42            android:name="com.example.ideapp.HealthActivity"
42-->src\main\AndroidManifest.xml:16:19-67
43            android:exported="false" />
43-->src\main\AndroidManifest.xml:16:68-92
44        <activity
44-->src\main\AndroidManifest.xml:17:9-98
45            android:name="com.example.ideapp.EducationActivity"
45-->src\main\AndroidManifest.xml:17:19-70
46            android:exported="false" />
46-->src\main\AndroidManifest.xml:17:71-95
47        <activity
47-->src\main\AndroidManifest.xml:18:9-102
48            android:name="com.example.ideapp.EntertainmentActivity"
48-->src\main\AndroidManifest.xml:18:19-74
49            android:exported="false" />
49-->src\main\AndroidManifest.xml:18:75-99
50        <activity
50-->src\main\AndroidManifest.xml:19:9-101
51            android:name="com.example.ideapp.ProductivityActivity"
51-->src\main\AndroidManifest.xml:19:19-73
52            android:exported="false" />
52-->src\main\AndroidManifest.xml:19:74-98
53        <activity
53-->src\main\AndroidManifest.xml:20:9-95
54            android:name="com.example.ideapp.FamilyActivity"
54-->src\main\AndroidManifest.xml:20:19-67
55            android:exported="false" />
55-->src\main\AndroidManifest.xml:20:68-92
56        <activity
56-->src\main\AndroidManifest.xml:21:9-97
57            android:name="com.example.ideapp.BusinessActivity"
57-->src\main\AndroidManifest.xml:21:19-69
58            android:exported="false" />
58-->src\main\AndroidManifest.xml:21:70-94
59        <activity
59-->src\main\AndroidManifest.xml:22:9-98
60            android:name="com.example.ideapp.UtilitiesActivity"
60-->src\main\AndroidManifest.xml:22:19-70
61            android:exported="false" />
61-->src\main\AndroidManifest.xml:22:71-95
62        <activity
62-->src\main\AndroidManifest.xml:23:9-25:40
63            android:name="com.example.ideapp.CategoryDetailActivity"
63-->src\main\AndroidManifest.xml:24:13-69
64            android:exported="false" />
64-->src\main\AndroidManifest.xml:25:13-37
65        <activity
65-->src\main\AndroidManifest.xml:26:9-34:20
66            android:name="com.example.ideapp.MainActivity"
66-->src\main\AndroidManifest.xml:27:13-59
67            android:exported="true"
67-->src\main\AndroidManifest.xml:28:13-36
68            android:theme="@style/Theme.LetsMakeAnApp" >
68-->src\main\AndroidManifest.xml:29:13-55
69            <intent-filter>
69-->src\main\AndroidManifest.xml:30:13-33:29
70                <action android:name="android.intent.action.MAIN" />
70-->src\main\AndroidManifest.xml:31:17-69
70-->src\main\AndroidManifest.xml:31:25-66
71
72                <category android:name="android.intent.category.LAUNCHER" />
72-->src\main\AndroidManifest.xml:32:17-77
72-->src\main\AndroidManifest.xml:32:27-74
73            </intent-filter>
74        </activity>
75
76        <service
76-->[com.google.firebase:firebase-crashlytics-ktx:18.6.0] AndroidManifest.xml:21:9-27:19
77            android:name="com.google.firebase.components.ComponentDiscoveryService"
77-->[com.google.firebase:firebase-crashlytics-ktx:18.6.0] AndroidManifest.xml:22:13-84
78            android:directBootAware="true"
78-->[com.google.firebase:firebase-common:20.4.2] AndroidManifest.xml:32:13-43
79            android:exported="false" >
79-->[com.google.firebase:firebase-crashlytics-ktx:18.6.0] AndroidManifest.xml:23:13-37
80            <meta-data
80-->[com.google.firebase:firebase-crashlytics-ktx:18.6.0] AndroidManifest.xml:24:13-26:85
81                android:name="com.google.firebase.components:com.google.firebase.crashlytics.ktx.FirebaseCrashlyticsKtxRegistrar"
81-->[com.google.firebase:firebase-crashlytics-ktx:18.6.0] AndroidManifest.xml:25:17-130
82                android:value="com.google.firebase.components.ComponentRegistrar" />
82-->[com.google.firebase:firebase-crashlytics-ktx:18.6.0] AndroidManifest.xml:26:17-82
83            <meta-data
83-->[com.google.firebase:firebase-firestore-ktx:24.10.0] AndroidManifest.xml:12:13-14:85
84                android:name="com.google.firebase.components:com.google.firebase.firestore.ktx.FirebaseFirestoreLegacyRegistrar"
84-->[com.google.firebase:firebase-firestore-ktx:24.10.0] AndroidManifest.xml:13:17-129
85                android:value="com.google.firebase.components.ComponentRegistrar" />
85-->[com.google.firebase:firebase-firestore-ktx:24.10.0] AndroidManifest.xml:14:17-82
86            <meta-data
86-->[com.google.firebase:firebase-auth-ktx:22.3.0] AndroidManifest.xml:11:13-13:85
87                android:name="com.google.firebase.components:com.google.firebase.auth.ktx.FirebaseAuthLegacyRegistrar"
87-->[com.google.firebase:firebase-auth-ktx:22.3.0] AndroidManifest.xml:12:17-119
88                android:value="com.google.firebase.components.ComponentRegistrar" />
88-->[com.google.firebase:firebase-auth-ktx:22.3.0] AndroidManifest.xml:13:17-82
89            <meta-data
89-->[com.google.firebase:firebase-auth:22.3.0] AndroidManifest.xml:69:13-71:85
90                android:name="com.google.firebase.components:com.google.firebase.auth.FirebaseAuthRegistrar"
90-->[com.google.firebase:firebase-auth:22.3.0] AndroidManifest.xml:70:17-109
91                android:value="com.google.firebase.components.ComponentRegistrar" />
91-->[com.google.firebase:firebase-auth:22.3.0] AndroidManifest.xml:71:17-82
92            <meta-data
92-->[com.google.firebase:firebase-analytics-ktx:21.5.0] AndroidManifest.xml:11:13-13:85
93                android:name="com.google.firebase.components:com.google.firebase.analytics.ktx.FirebaseAnalyticsLegacyRegistrar"
93-->[com.google.firebase:firebase-analytics-ktx:21.5.0] AndroidManifest.xml:12:17-129
94                android:value="com.google.firebase.components.ComponentRegistrar" />
94-->[com.google.firebase:firebase-analytics-ktx:21.5.0] AndroidManifest.xml:13:17-82
95            <meta-data
95-->[com.google.firebase:firebase-crashlytics:18.6.0] AndroidManifest.xml:15:13-17:85
96                android:name="com.google.firebase.components:com.google.firebase.crashlytics.FirebaseCrashlyticsKtxRegistrar"
96-->[com.google.firebase:firebase-crashlytics:18.6.0] AndroidManifest.xml:16:17-126
97                android:value="com.google.firebase.components.ComponentRegistrar" />
97-->[com.google.firebase:firebase-crashlytics:18.6.0] AndroidManifest.xml:17:17-82
98            <meta-data
98-->[com.google.firebase:firebase-crashlytics:18.6.0] AndroidManifest.xml:18:13-20:85
99                android:name="com.google.firebase.components:com.google.firebase.crashlytics.CrashlyticsRegistrar"
99-->[com.google.firebase:firebase-crashlytics:18.6.0] AndroidManifest.xml:19:17-115
100                android:value="com.google.firebase.components.ComponentRegistrar" />
100-->[com.google.firebase:firebase-crashlytics:18.6.0] AndroidManifest.xml:20:17-82
101            <meta-data
101-->[com.google.firebase:firebase-firestore:24.10.0] AndroidManifest.xml:17:13-19:85
102                android:name="com.google.firebase.components:com.google.firebase.firestore.FirebaseFirestoreKtxRegistrar"
102-->[com.google.firebase:firebase-firestore:24.10.0] AndroidManifest.xml:18:17-122
103                android:value="com.google.firebase.components.ComponentRegistrar" />
103-->[com.google.firebase:firebase-firestore:24.10.0] AndroidManifest.xml:19:17-82
104            <meta-data
104-->[com.google.firebase:firebase-firestore:24.10.0] AndroidManifest.xml:20:13-22:85
105                android:name="com.google.firebase.components:com.google.firebase.firestore.FirestoreRegistrar"
105-->[com.google.firebase:firebase-firestore:24.10.0] AndroidManifest.xml:21:17-111
106                android:value="com.google.firebase.components.ComponentRegistrar" />
106-->[com.google.firebase:firebase-firestore:24.10.0] AndroidManifest.xml:22:17-82
107            <meta-data
107-->[com.google.firebase:firebase-sessions:1.2.0] AndroidManifest.xml:29:13-31:85
108                android:name="com.google.firebase.components:com.google.firebase.sessions.FirebaseSessionsRegistrar"
108-->[com.google.firebase:firebase-sessions:1.2.0] AndroidManifest.xml:30:17-117
109                android:value="com.google.firebase.components.ComponentRegistrar" />
109-->[com.google.firebase:firebase-sessions:1.2.0] AndroidManifest.xml:31:17-82
110            <meta-data
110-->[com.google.android.gms:play-services-measurement-api:21.5.0] AndroidManifest.xml:37:13-39:85
111                android:name="com.google.firebase.components:com.google.firebase.analytics.connector.internal.AnalyticsConnectorRegistrar"
111-->[com.google.android.gms:play-services-measurement-api:21.5.0] AndroidManifest.xml:38:17-139
112                android:value="com.google.firebase.components.ComponentRegistrar" />
112-->[com.google.android.gms:play-services-measurement-api:21.5.0] AndroidManifest.xml:39:17-82
113            <meta-data
113-->[com.google.firebase:firebase-installations:17.2.0] AndroidManifest.xml:15:13-17:85
114                android:name="com.google.firebase.components:com.google.firebase.installations.FirebaseInstallationsKtxRegistrar"
114-->[com.google.firebase:firebase-installations:17.2.0] AndroidManifest.xml:16:17-130
115                android:value="com.google.firebase.components.ComponentRegistrar" />
115-->[com.google.firebase:firebase-installations:17.2.0] AndroidManifest.xml:17:17-82
116            <meta-data
116-->[com.google.firebase:firebase-installations:17.2.0] AndroidManifest.xml:18:13-20:85
117                android:name="com.google.firebase.components:com.google.firebase.installations.FirebaseInstallationsRegistrar"
117-->[com.google.firebase:firebase-installations:17.2.0] AndroidManifest.xml:19:17-127
118                android:value="com.google.firebase.components.ComponentRegistrar" />
118-->[com.google.firebase:firebase-installations:17.2.0] AndroidManifest.xml:20:17-82
119            <meta-data
119-->[com.google.firebase:firebase-common-ktx:20.4.2] AndroidManifest.xml:12:13-14:85
120                android:name="com.google.firebase.components:com.google.firebase.ktx.FirebaseCommonLegacyRegistrar"
120-->[com.google.firebase:firebase-common-ktx:20.4.2] AndroidManifest.xml:13:17-116
121                android:value="com.google.firebase.components.ComponentRegistrar" />
121-->[com.google.firebase:firebase-common-ktx:20.4.2] AndroidManifest.xml:14:17-82
122            <meta-data
122-->[com.google.firebase:firebase-common:20.4.2] AndroidManifest.xml:35:13-37:85
123                android:name="com.google.firebase.components:com.google.firebase.FirebaseCommonKtxRegistrar"
123-->[com.google.firebase:firebase-common:20.4.2] AndroidManifest.xml:36:17-109
124                android:value="com.google.firebase.components.ComponentRegistrar" />
124-->[com.google.firebase:firebase-common:20.4.2] AndroidManifest.xml:37:17-82
125            <meta-data
125-->[com.google.firebase:firebase-datatransport:18.1.8] AndroidManifest.xml:27:13-29:85
126                android:name="com.google.firebase.components:com.google.firebase.datatransport.TransportRegistrar"
126-->[com.google.firebase:firebase-datatransport:18.1.8] AndroidManifest.xml:28:17-115
127                android:value="com.google.firebase.components.ComponentRegistrar" />
127-->[com.google.firebase:firebase-datatransport:18.1.8] AndroidManifest.xml:29:17-82
128        </service>
129
130        <activity
130-->[com.google.firebase:firebase-auth:22.3.0] AndroidManifest.xml:29:9-46:20
131            android:name="com.google.firebase.auth.internal.GenericIdpActivity"
131-->[com.google.firebase:firebase-auth:22.3.0] AndroidManifest.xml:30:13-80
132            android:excludeFromRecents="true"
132-->[com.google.firebase:firebase-auth:22.3.0] AndroidManifest.xml:31:13-46
133            android:exported="true"
133-->[com.google.firebase:firebase-auth:22.3.0] AndroidManifest.xml:32:13-36
134            android:launchMode="singleTask"
134-->[com.google.firebase:firebase-auth:22.3.0] AndroidManifest.xml:33:13-44
135            android:theme="@android:style/Theme.Translucent.NoTitleBar" >
135-->[com.google.firebase:firebase-auth:22.3.0] AndroidManifest.xml:34:13-72
136            <intent-filter>
136-->[com.google.firebase:firebase-auth:22.3.0] AndroidManifest.xml:35:13-45:29
137                <action android:name="android.intent.action.VIEW" />
137-->[com.google.firebase:firebase-auth:22.3.0] AndroidManifest.xml:36:17-69
137-->[com.google.firebase:firebase-auth:22.3.0] AndroidManifest.xml:36:25-66
138
139                <category android:name="android.intent.category.DEFAULT" />
139-->[com.google.firebase:firebase-auth:22.3.0] AndroidManifest.xml:38:17-76
139-->[com.google.firebase:firebase-auth:22.3.0] AndroidManifest.xml:38:27-73
140                <category android:name="android.intent.category.BROWSABLE" />
140-->[com.google.firebase:firebase-auth:22.3.0] AndroidManifest.xml:39:17-78
140-->[com.google.firebase:firebase-auth:22.3.0] AndroidManifest.xml:39:27-75
141
142                <data
142-->[com.google.firebase:firebase-auth:22.3.0] AndroidManifest.xml:41:17-44:51
143                    android:host="firebase.auth"
143-->[com.google.firebase:firebase-auth:22.3.0] AndroidManifest.xml:42:21-49
144                    android:path="/"
144-->[com.google.firebase:firebase-auth:22.3.0] AndroidManifest.xml:43:21-37
145                    android:scheme="genericidp" />
145-->[com.google.firebase:firebase-auth:22.3.0] AndroidManifest.xml:44:21-48
146            </intent-filter>
147        </activity>
148        <activity
148-->[com.google.firebase:firebase-auth:22.3.0] AndroidManifest.xml:47:9-64:20
149            android:name="com.google.firebase.auth.internal.RecaptchaActivity"
149-->[com.google.firebase:firebase-auth:22.3.0] AndroidManifest.xml:48:13-79
150            android:excludeFromRecents="true"
150-->[com.google.firebase:firebase-auth:22.3.0] AndroidManifest.xml:49:13-46
151            android:exported="true"
151-->[com.google.firebase:firebase-auth:22.3.0] AndroidManifest.xml:50:13-36
152            android:launchMode="singleTask"
152-->[com.google.firebase:firebase-auth:22.3.0] AndroidManifest.xml:51:13-44
153            android:theme="@android:style/Theme.Translucent.NoTitleBar" >
153-->[com.google.firebase:firebase-auth:22.3.0] AndroidManifest.xml:52:13-72
154            <intent-filter>
154-->[com.google.firebase:firebase-auth:22.3.0] AndroidManifest.xml:53:13-63:29
155                <action android:name="android.intent.action.VIEW" />
155-->[com.google.firebase:firebase-auth:22.3.0] AndroidManifest.xml:36:17-69
155-->[com.google.firebase:firebase-auth:22.3.0] AndroidManifest.xml:36:25-66
156
157                <category android:name="android.intent.category.DEFAULT" />
157-->[com.google.firebase:firebase-auth:22.3.0] AndroidManifest.xml:38:17-76
157-->[com.google.firebase:firebase-auth:22.3.0] AndroidManifest.xml:38:27-73
158                <category android:name="android.intent.category.BROWSABLE" />
158-->[com.google.firebase:firebase-auth:22.3.0] AndroidManifest.xml:39:17-78
158-->[com.google.firebase:firebase-auth:22.3.0] AndroidManifest.xml:39:27-75
159
160                <data
160-->[com.google.firebase:firebase-auth:22.3.0] AndroidManifest.xml:41:17-44:51
161                    android:host="firebase.auth"
161-->[com.google.firebase:firebase-auth:22.3.0] AndroidManifest.xml:42:21-49
162                    android:path="/"
162-->[com.google.firebase:firebase-auth:22.3.0] AndroidManifest.xml:43:21-37
163                    android:scheme="recaptcha" />
163-->[com.google.firebase:firebase-auth:22.3.0] AndroidManifest.xml:44:21-48
164            </intent-filter>
165        </activity>
166
167        <service
167-->[com.google.firebase:firebase-sessions:1.2.0] AndroidManifest.xml:22:9-25:40
168            android:name="com.google.firebase.sessions.SessionLifecycleService"
168-->[com.google.firebase:firebase-sessions:1.2.0] AndroidManifest.xml:23:13-80
169            android:enabled="true"
169-->[com.google.firebase:firebase-sessions:1.2.0] AndroidManifest.xml:24:13-35
170            android:exported="false" />
170-->[com.google.firebase:firebase-sessions:1.2.0] AndroidManifest.xml:25:13-37
171
172        <property
172-->[com.google.android.gms:play-services-measurement-api:21.5.0] AndroidManifest.xml:30:9-32:61
173            android:name="android.adservices.AD_SERVICES_CONFIG"
173-->[com.google.android.gms:play-services-measurement-api:21.5.0] AndroidManifest.xml:31:13-65
174            android:resource="@xml/ga_ad_services_config" />
174-->[com.google.android.gms:play-services-measurement-api:21.5.0] AndroidManifest.xml:32:13-58
175
176        <provider
176-->[com.google.firebase:firebase-common:20.4.2] AndroidManifest.xml:23:9-28:39
177            android:name="com.google.firebase.provider.FirebaseInitProvider"
177-->[com.google.firebase:firebase-common:20.4.2] AndroidManifest.xml:24:13-77
178            android:authorities="com.example.ideapp.firebaseinitprovider"
178-->[com.google.firebase:firebase-common:20.4.2] AndroidManifest.xml:25:13-72
179            android:directBootAware="true"
179-->[com.google.firebase:firebase-common:20.4.2] AndroidManifest.xml:26:13-43
180            android:exported="false"
180-->[com.google.firebase:firebase-common:20.4.2] AndroidManifest.xml:27:13-37
181            android:initOrder="100" />
181-->[com.google.firebase:firebase-common:20.4.2] AndroidManifest.xml:28:13-36
182
183        <activity
183-->[com.google.android.gms:play-services-base:18.0.1] AndroidManifest.xml:20:9-22:45
184            android:name="com.google.android.gms.common.api.GoogleApiActivity"
184-->[com.google.android.gms:play-services-base:18.0.1] AndroidManifest.xml:20:19-85
185            android:exported="false"
185-->[com.google.android.gms:play-services-base:18.0.1] AndroidManifest.xml:22:19-43
186            android:theme="@android:style/Theme.Translucent.NoTitleBar" />
186-->[com.google.android.gms:play-services-base:18.0.1] AndroidManifest.xml:21:19-78
187
188        <provider
188-->[androidx.emoji2:emoji2:1.2.0] AndroidManifest.xml:24:9-32:20
189            android:name="androidx.startup.InitializationProvider"
189-->[androidx.emoji2:emoji2:1.2.0] AndroidManifest.xml:25:13-67
190            android:authorities="com.example.ideapp.androidx-startup"
190-->[androidx.emoji2:emoji2:1.2.0] AndroidManifest.xml:26:13-68
191            android:exported="false" >
191-->[androidx.emoji2:emoji2:1.2.0] AndroidManifest.xml:27:13-37
192            <meta-data
192-->[androidx.emoji2:emoji2:1.2.0] AndroidManifest.xml:29:13-31:52
193                android:name="androidx.emoji2.text.EmojiCompatInitializer"
193-->[androidx.emoji2:emoji2:1.2.0] AndroidManifest.xml:30:17-75
194                android:value="androidx.startup" />
194-->[androidx.emoji2:emoji2:1.2.0] AndroidManifest.xml:31:17-49
195            <meta-data
195-->[androidx.work:work-runtime:2.9.0] AndroidManifest.xml:34:13-36:52
196                android:name="androidx.work.WorkManagerInitializer"
196-->[androidx.work:work-runtime:2.9.0] AndroidManifest.xml:35:17-68
197                android:value="androidx.startup" />
197-->[androidx.work:work-runtime:2.9.0] AndroidManifest.xml:36:17-49
198            <meta-data
198-->[androidx.lifecycle:lifecycle-process:2.7.0] AndroidManifest.xml:29:13-31:52
199                android:name="androidx.lifecycle.ProcessLifecycleInitializer"
199-->[androidx.lifecycle:lifecycle-process:2.7.0] AndroidManifest.xml:30:17-78
200                android:value="androidx.startup" />
200-->[androidx.lifecycle:lifecycle-process:2.7.0] AndroidManifest.xml:31:17-49
201            <meta-data
201-->[androidx.profileinstaller:profileinstaller:1.3.0] AndroidManifest.xml:29:13-31:52
202                android:name="androidx.profileinstaller.ProfileInstallerInitializer"
202-->[androidx.profileinstaller:profileinstaller:1.3.0] AndroidManifest.xml:30:17-85
203                android:value="androidx.startup" />
203-->[androidx.profileinstaller:profileinstaller:1.3.0] AndroidManifest.xml:31:17-49
204        </provider>
205
206        <service
206-->[androidx.work:work-runtime:2.9.0] AndroidManifest.xml:39:9-45:35
207            android:name="androidx.work.impl.background.systemalarm.SystemAlarmService"
207-->[androidx.work:work-runtime:2.9.0] AndroidManifest.xml:40:13-88
208            android:directBootAware="false"
208-->[androidx.work:work-runtime:2.9.0] AndroidManifest.xml:41:13-44
209            android:enabled="@bool/enable_system_alarm_service_default"
209-->[androidx.work:work-runtime:2.9.0] AndroidManifest.xml:42:13-72
210            android:exported="false" />
210-->[androidx.work:work-runtime:2.9.0] AndroidManifest.xml:43:13-37
211        <service
211-->[androidx.work:work-runtime:2.9.0] AndroidManifest.xml:46:9-52:35
212            android:name="androidx.work.impl.background.systemjob.SystemJobService"
212-->[androidx.work:work-runtime:2.9.0] AndroidManifest.xml:47:13-84
213            android:directBootAware="false"
213-->[androidx.work:work-runtime:2.9.0] AndroidManifest.xml:48:13-44
214            android:enabled="@bool/enable_system_job_service_default"
214-->[androidx.work:work-runtime:2.9.0] AndroidManifest.xml:49:13-70
215            android:exported="true"
215-->[androidx.work:work-runtime:2.9.0] AndroidManifest.xml:50:13-36
216            android:permission="android.permission.BIND_JOB_SERVICE" />
216-->[androidx.work:work-runtime:2.9.0] AndroidManifest.xml:51:13-69
217        <service
217-->[androidx.work:work-runtime:2.9.0] AndroidManifest.xml:53:9-59:35
218            android:name="androidx.work.impl.foreground.SystemForegroundService"
218-->[androidx.work:work-runtime:2.9.0] AndroidManifest.xml:54:13-81
219            android:directBootAware="false"
219-->[androidx.work:work-runtime:2.9.0] AndroidManifest.xml:55:13-44
220            android:enabled="@bool/enable_system_foreground_service_default"
220-->[androidx.work:work-runtime:2.9.0] AndroidManifest.xml:56:13-77
221            android:exported="false" />
221-->[androidx.work:work-runtime:2.9.0] AndroidManifest.xml:57:13-37
222
223        <receiver
223-->[androidx.work:work-runtime:2.9.0] AndroidManifest.xml:61:9-66:35
224            android:name="androidx.work.impl.utils.ForceStopRunnable$BroadcastReceiver"
224-->[androidx.work:work-runtime:2.9.0] AndroidManifest.xml:62:13-88
225            android:directBootAware="false"
225-->[androidx.work:work-runtime:2.9.0] AndroidManifest.xml:63:13-44
226            android:enabled="true"
226-->[androidx.work:work-runtime:2.9.0] AndroidManifest.xml:64:13-35
227            android:exported="false" />
227-->[androidx.work:work-runtime:2.9.0] AndroidManifest.xml:65:13-37
228        <receiver
228-->[androidx.work:work-runtime:2.9.0] AndroidManifest.xml:67:9-77:20
229            android:name="androidx.work.impl.background.systemalarm.ConstraintProxy$BatteryChargingProxy"
229-->[androidx.work:work-runtime:2.9.0] AndroidManifest.xml:68:13-106
230            android:directBootAware="false"
230-->[androidx.work:work-runtime:2.9.0] AndroidManifest.xml:69:13-44
231            android:enabled="false"
231-->[androidx.work:work-runtime:2.9.0] AndroidManifest.xml:70:13-36
232            android:exported="false" >
232-->[androidx.work:work-runtime:2.9.0] AndroidManifest.xml:71:13-37
233            <intent-filter>
233-->[androidx.work:work-runtime:2.9.0] AndroidManifest.xml:73:13-76:29
234                <action android:name="android.intent.action.ACTION_POWER_CONNECTED" />
234-->[androidx.work:work-runtime:2.9.0] AndroidManifest.xml:74:17-87
234-->[androidx.work:work-runtime:2.9.0] AndroidManifest.xml:74:25-84
235                <action android:name="android.intent.action.ACTION_POWER_DISCONNECTED" />
235-->[androidx.work:work-runtime:2.9.0] AndroidManifest.xml:75:17-90
235-->[androidx.work:work-runtime:2.9.0] AndroidManifest.xml:75:25-87
236            </intent-filter>
237        </receiver>
238        <receiver
238-->[androidx.work:work-runtime:2.9.0] AndroidManifest.xml:78:9-88:20
239            android:name="androidx.work.impl.background.systemalarm.ConstraintProxy$BatteryNotLowProxy"
239-->[androidx.work:work-runtime:2.9.0] AndroidManifest.xml:79:13-104
240            android:directBootAware="false"
240-->[androidx.work:work-runtime:2.9.0] AndroidManifest.xml:80:13-44
241            android:enabled="false"
241-->[androidx.work:work-runtime:2.9.0] AndroidManifest.xml:81:13-36
242            android:exported="false" >
242-->[androidx.work:work-runtime:2.9.0] AndroidManifest.xml:82:13-37
243            <intent-filter>
243-->[androidx.work:work-runtime:2.9.0] AndroidManifest.xml:84:13-87:29
244                <action android:name="android.intent.action.BATTERY_OKAY" />
244-->[androidx.work:work-runtime:2.9.0] AndroidManifest.xml:85:17-77
244-->[androidx.work:work-runtime:2.9.0] AndroidManifest.xml:85:25-74
245                <action android:name="android.intent.action.BATTERY_LOW" />
245-->[androidx.work:work-runtime:2.9.0] AndroidManifest.xml:86:17-76
245-->[androidx.work:work-runtime:2.9.0] AndroidManifest.xml:86:25-73
246            </intent-filter>
247        </receiver>
248        <receiver
248-->[androidx.work:work-runtime:2.9.0] AndroidManifest.xml:89:9-99:20
249            android:name="androidx.work.impl.background.systemalarm.ConstraintProxy$StorageNotLowProxy"
249-->[androidx.work:work-runtime:2.9.0] AndroidManifest.xml:90:13-104
250            android:directBootAware="false"
250-->[androidx.work:work-runtime:2.9.0] AndroidManifest.xml:91:13-44
251            android:enabled="false"
251-->[androidx.work:work-runtime:2.9.0] AndroidManifest.xml:92:13-36